<?xml version="1.0" encoding="UTF-8"?>
<!-- Generated by org.testng.reporters.JUnitXMLReporter -->
<testsuite hostname="HDC2-L-9227QQ2" ignored="3" name="Test" tests="2" failures="0" timestamp="29 Oct 2019 12:01:25 GMT" time="0.048" errors="0">
  <testcase name="AddCart" time="0.014" classname="demoOct.TestNGDemo3"/>
  <testcase name="RemoveCart" time="0.001" classname="demoOct.TestNGDemo3"/>
  <testcase name="Login" time="0.0" classname="demoOct.TestNGDemo3">
    <ignored/>
  </testcase> <!-- Login -->
  <testcase name="registration" time="0.0" classname="demoOct.TestNGDemo3">
    <ignored/>
  </testcase> <!-- registration -->
  <testcase name="launch" time="0.0" classname="demoOct.TestNGDemo3">
    <ignored/>
  </testcase> <!-- launch -->
</testsuite> <!-- Test -->
